[2019-04-03T10:49:37.631] [INFO] access - ::1 - - "POST /graphql? HTTP/1.1" 200 53 "http://localhost:9001/" "Mozilla/5.0 (Windows NT 10.0; Win64; x64) AppleWebKit/537.36 (KHTML, like Gecko) Chrome/72.0.3626.96 Safari/537.36"
[2019-04-03T10:49:46.671] [INFO] access - ::1 - - "POST /graphql? HTTP/1.1" 200 53 "http://localhost:9001/" "Mozilla/5.0 (Windows NT 10.0; Win64; x64) AppleWebKit/537.36 (KHTML, like Gecko) Chrome/72.0.3626.96 Safari/537.36"
[2019-04-29T14:06:00.540] [INFO] access - ::1 - - "GET / HTTP/1.1" 404 - "" "Mozilla/5.0 (Windows NT 10.0; Win64; x64) AppleWebKit/537.36 (KHTML, like Gecko) Chrome/73.0.3683.86 Safari/537.36"
[2019-04-29T14:06:00.549] [INFO] access - ::1 - - "GET /robots.txt HTTP/1.1" 404 - "" "Mozilla/5.0 (Windows NT 10.0; Win64; x64) AppleWebKit/537.36 (KHTML, like Gecko) Chrome/73.0.3683.86 Safari/537.36"
[2019-04-29T14:06:00.729] [INFO] access - ::1 - - "GET /favicon.ico HTTP/1.1" 404 - "http://localhost:9001/" "Mozilla/5.0 (Windows NT 10.0; Win64; x64) AppleWebKit/537.36 (KHTML, like Gecko) Chrome/73.0.3683.86 Safari/537.36"
[2019-04-29T14:06:05.794] [INFO] access - ::1 - - "GET /read HTTP/1.1" 404 - "" "Mozilla/5.0 (Windows NT 10.0; Win64; x64) AppleWebKit/537.36 (KHTML, like Gecko) Chrome/73.0.3683.86 Safari/537.36"
[2019-04-29T14:06:14.067] [INFO] access - ::1 - - "GET /read.js HTTP/1.1" 404 - "" "Mozilla/5.0 (Windows NT 10.0; Win64; x64) AppleWebKit/537.36 (KHTML, like Gecko) Chrome/73.0.3683.86 Safari/537.36"
[2019-04-29T14:08:35.783] [INFO] access - ::1 - - "GET /read HTTP/1.1" 404 - "" "Mozilla/5.0 (Windows NT 10.0; Win64; x64) AppleWebKit/537.36 (KHTML, like Gecko) Chrome/73.0.3683.86 Safari/537.36"
[2019-04-29T14:08:52.917] [INFO] access - ::ffff:127.0.0.1 - - "GET /read HTTP/1.1" 404 - "" "Mozilla/5.0 (Windows NT 10.0; Win64; x64) AppleWebKit/537.36 (KHTML, like Gecko) Chrome/73.0.3683.86 Safari/537.36"
[2019-04-29T14:08:54.745] [INFO] access - ::ffff:127.0.0.1 - - "GET /read HTTP/1.1" 404 - "" "Mozilla/5.0 (Windows NT 10.0; Win64; x64) AppleWebKit/537.36 (KHTML, like Gecko) Chrome/73.0.3683.86 Safari/537.36"
[2019-04-29T14:09:15.379] [INFO] access - ::1 - - "GET /read HTTP/1.1" 404 - "" "Mozilla/5.0 (Windows NT 10.0; Win64; x64) AppleWebKit/537.36 (KHTML, like Gecko) Chrome/73.0.3683.86 Safari/537.36"
[2019-04-29T14:09:16.062] [INFO] access - ::1 - - "GET /read HTTP/1.1" 404 - "" "Mozilla/5.0 (Windows NT 10.0; Win64; x64) AppleWebKit/537.36 (KHTML, like Gecko) Chrome/73.0.3683.86 Safari/537.36"
[2019-04-29T14:09:16.439] [INFO] access - ::1 - - "GET /read HTTP/1.1" 404 - "" "Mozilla/5.0 (Windows NT 10.0; Win64; x64) AppleWebKit/537.36 (KHTML, like Gecko) Chrome/73.0.3683.86 Safari/537.36"
[2019-04-29T14:09:16.725] [INFO] access - ::1 - - "GET /read HTTP/1.1" 404 - "" "Mozilla/5.0 (Windows NT 10.0; Win64; x64) AppleWebKit/537.36 (KHTML, like Gecko) Chrome/73.0.3683.86 Safari/537.36"
[2019-04-29T14:09:26.227] [INFO] access - ::1 - - "GET /read HTTP/1.1" 404 - "" "Mozilla/5.0 (Windows NT 10.0; Win64; x64) AppleWebKit/537.36 (KHTML, like Gecko) Chrome/73.0.3683.86 Safari/537.36"
[2019-04-29T14:09:27.529] [INFO] access - ::1 - - "GET /read HTTP/1.1" 404 - "" "Mozilla/5.0 (Windows NT 10.0; Win64; x64) AppleWebKit/537.36 (KHTML, like Gecko) Chrome/73.0.3683.86 Safari/537.36"
[2019-04-29T14:09:28.057] [INFO] access - ::1 - - "GET /read HTTP/1.1" 404 - "" "Mozilla/5.0 (Windows NT 10.0; Win64; x64) AppleWebKit/537.36 (KHTML, like Gecko) Chrome/73.0.3683.86 Safari/537.36"
[2019-04-29T14:11:04.416] [INFO] access - ::1 - - "GET /read HTTP/1.1" 404 - "" "Mozilla/5.0 (Windows NT 10.0; Win64; x64) AppleWebKit/537.36 (KHTML, like Gecko) Chrome/73.0.3683.86 Safari/537.36"
[2019-04-29T14:11:05.744] [INFO] access - ::1 - - "GET /read HTTP/1.1" 404 - "" "Mozilla/5.0 (Windows NT 10.0; Win64; x64) AppleWebKit/537.36 (KHTML, like Gecko) Chrome/73.0.3683.86 Safari/537.36"
[2019-04-29T14:13:55.266] [INFO] access - ::1 - - "GET /read HTTP/1.1" 404 - "" "Mozilla/5.0 (Windows NT 10.0; Win64; x64) AppleWebKit/537.36 (KHTML, like Gecko) Chrome/73.0.3683.86 Safari/537.36"
[2019-04-29T14:14:03.068] [INFO] access - ::1 - - "GET /read HTTP/1.1" 404 - "" "Mozilla/5.0 (Windows NT 10.0; Win64; x64) AppleWebKit/537.36 (KHTML, like Gecko) Chrome/73.0.3683.86 Safari/537.36"
[2019-04-29T14:14:29.488] [INFO] access - ::1 - - "GET /read HTTP/1.1" 404 - "" "Mozilla/5.0 (Windows NT 10.0; Win64; x64) AppleWebKit/537.36 (KHTML, like Gecko) Chrome/73.0.3683.86 Safari/537.36"
[2019-04-29T14:14:30.308] [INFO] access - ::1 - - "GET /read HTTP/1.1" 404 - "" "Mozilla/5.0 (Windows NT 10.0; Win64; x64) AppleWebKit/537.36 (KHTML, like Gecko) Chrome/73.0.3683.86 Safari/537.36"
[2019-04-29T14:14:39.294] [INFO] access - ::1 - - "GET /read HTTP/1.1" 404 - "" "Mozilla/5.0 (Windows NT 10.0; Win64; x64) AppleWebKit/537.36 (KHTML, like Gecko) Chrome/73.0.3683.86 Safari/537.36"
[2019-04-29T14:14:40.035] [INFO] access - ::1 - - "GET /read HTTP/1.1" 404 - "" "Mozilla/5.0 (Windows NT 10.0; Win64; x64) AppleWebKit/537.36 (KHTML, like Gecko) Chrome/73.0.3683.86 Safari/537.36"
[2019-04-29T14:15:52.340] [INFO] access - ::ffff:127.0.0.1 - - "GET /read HTTP/1.1" 404 - "" "Mozilla/5.0 (Windows NT 10.0; Win64; x64) AppleWebKit/537.36 (KHTML, like Gecko) Chrome/73.0.3683.86 Safari/537.36"
[2019-04-29T14:15:53.854] [INFO] access - ::ffff:127.0.0.1 - - "GET /read HTTP/1.1" 404 - "" "Mozilla/5.0 (Windows NT 10.0; Win64; x64) AppleWebKit/537.36 (KHTML, like Gecko) Chrome/73.0.3683.86 Safari/537.36"
[2019-04-29T14:15:54.907] [INFO] access - ::ffff:127.0.0.1 - - "GET /read HTTP/1.1" 404 - "" "Mozilla/5.0 (Windows NT 10.0; Win64; x64) AppleWebKit/537.36 (KHTML, like Gecko) Chrome/73.0.3683.86 Safari/537.36"
[2019-04-29T14:15:56.112] [INFO] access - ::ffff:127.0.0.1 - - "GET /read HTTP/1.1" 404 - "" "Mozilla/5.0 (Windows NT 10.0; Win64; x64) AppleWebKit/537.36 (KHTML, like Gecko) Chrome/73.0.3683.86 Safari/537.36"
[2019-04-29T14:16:02.687] [INFO] access - ::1 - - "GET /read HTTP/1.1" 404 - "" "Mozilla/5.0 (Windows NT 10.0; Win64; x64) AppleWebKit/537.36 (KHTML, like Gecko) Chrome/73.0.3683.86 Safari/537.36"
[2019-04-29T14:16:04.153] [INFO] access - ::1 - - "GET /read HTTP/1.1" 404 - "" "Mozilla/5.0 (Windows NT 10.0; Win64; x64) AppleWebKit/537.36 (KHTML, like Gecko) Chrome/73.0.3683.86 Safari/537.36"
[2019-04-29T14:16:36.400] [INFO] access - ::1 - - "GET /read HTTP/1.1" 404 - "" "Mozilla/5.0 (Windows NT 10.0; Win64; x64) AppleWebKit/537.36 (KHTML, like Gecko) Chrome/73.0.3683.86 Safari/537.36"
[2019-04-29T14:16:38.735] [INFO] access - ::1 - - "GET /read HTTP/1.1" 404 - "" "Mozilla/5.0 (Windows NT 10.0; Win64; x64) AppleWebKit/537.36 (KHTML, like Gecko) Chrome/73.0.3683.86 Safari/537.36"
